<?xml version="1.0" encoding="UTF-8"?>
<!-- Generated by org.testng.reporters.JUnitXMLReporter -->
<testsuite hostname="elx7nkld12-m5" tests="8" failures="0" timestamp="5 Sep 2014 13:18:35 GMT" time="0.218" errors="0">
  <testcase name="testKnightTravails" time="0.004" classname="TravailsTest"/>
  <testcase name="testKnightTravails" time="0.009" classname="TravailsTest"/>
  <testcase name="testRookTravails" time="0.002" classname="TravailsTest"/>
  <testcase name="testRookTravails" time="0.006" classname="TravailsTest"/>
  <testcase name="testRookTravails" time="0.018" classname="TravailsTest"/>
  <testcase name="testRookTravails" time="0.043" classname="TravailsTest"/>
  <testcase name="testRookTravails" time="0.045" classname="TravailsTest"/>
  <testcase name="testRookTravails" time="0.064" classname="TravailsTest"/>
</testsuite>
